<?xml version="1.0" encoding="UTF-8"?>
<!-- Generated by org.testng.reporters.JUnitReportReporter -->
<testsuite skipped="0" hostname="DESKTOP-N7F78N2" name="pomDesign.WebOrderLog" tests="1" failures="0" timestamp="11 Jul 2018 18:02:31 GMT" time="1.126" errors="0">
  <testcase name="positiveLogInTest" time="1.126" classname="pomDesign.WebOrderLog"/>
</testsuite> <!-- pomDesign.WebOrderLog -->
