<?xml version="1.0" encoding="UTF-8"?>
<!-- Generated by org.testng.reporters.JUnitReportReporter -->
<testsuite skipped="0" hostname="DESKTOP-N7F78N2" name="pomDesign.LogInNegativeScenarios" tests="5" failures="0" timestamp="13 Jul 2018 20:26:06 GMT" time="5.048" errors="0">
  <testcase name="blankUserID" time="1.037" classname="pomDesign.LogInNegativeScenarios"/>
  <testcase name="blankPasswordTest" time="1.167" classname="pomDesign.LogInNegativeScenarios"/>
  <testcase name="invalidUserID" time="0.668" classname="pomDesign.LogInNegativeScenarios"/>
  <testcase name="invalidPassword" time="1.093" classname="pomDesign.LogInNegativeScenarios"/>
  <testcase name="wrongCredentialsTest" time="1.083" classname="pomDesign.LogInNegativeScenarios"/>
</testsuite> <!-- pomDesign.LogInNegativeScenarios -->
