<?xml version="1.0" encoding="UTF-8"?>
<!-- Generated by org.testng.reporters.JUnitReportReporter -->
<testsuite skipped="0" hostname="DESKTOP-N7F78N2" name="pomDesign.WebOrdersTests" tests="2" failures="0" timestamp="12 Jul 2018 05:52:33 GMT" time="12.660" errors="0">
  <testcase name="titlesVerification" time="2.299" classname="pomDesign.WebOrdersTests"/>
  <testcase name="labelVerification" time="10.361" classname="pomDesign.WebOrdersTests"/>
</testsuite> <!-- pomDesign.WebOrdersTests -->
