<?xml version="1.0" encoding="UTF-8"?>
<!-- Generated by org.testng.reporters.JUnitReportReporter -->
<testsuite skipped="0" hostname="DESKTOP-N7F78N2" name="pomDesign.LogInPositiveScenario" tests="1" failures="0" timestamp="13 Jul 2018 20:46:17 GMT" time="1.684" errors="0">
  <testcase name="positiveLogInTest" time="1.684" classname="pomDesign.LogInPositiveScenario"/>
</testsuite> <!-- pomDesign.LogInPositiveScenario -->
