<?xml version="1.0" encoding="UTF-8"?>
<!-- Generated by org.testng.reporters.JUnitReportReporter -->
<testsuite skipped="0" hostname="DESKTOP-N7F78N2" name="pomDesign.LabelVerifications" tests="2" failures="0" timestamp="13 Jul 2018 20:45:59 GMT" time="3.742" errors="0">
  <testcase name="titlesVerification" time="0.579" classname="pomDesign.LabelVerifications"/>
  <testcase name="labelVerification" time="3.163" classname="pomDesign.LabelVerifications"/>
</testsuite> <!-- pomDesign.LabelVerifications -->
