<?xml version="1.0" encoding="UTF-8"?>
<!-- Generated by org.testng.reporters.JUnitReportReporter -->
<testsuite skipped="0" hostname="DESKTOP-N7F78N2" name="pomDesign.LogINegativeScenarios" tests="4" failures="0" timestamp="11 Jul 2018 23:09:32 GMT" time="2.686" errors="0">
  <testcase name="wrongCredentialsTest" time="0.514" classname="pomDesign.LogINegativeScenarios"/>
  <testcase name="blankPasswordTest" time="0.545" classname="pomDesign.LogINegativeScenarios"/>
  <testcase name="invalidUserID" time="1.070" classname="pomDesign.LogINegativeScenarios"/>
  <testcase name="blankUserID" time="0.557" classname="pomDesign.LogINegativeScenarios"/>
</testsuite> <!-- pomDesign.LogINegativeScenarios -->
