<?xml version="1.0" encoding="UTF-8"?>
<!-- Generated by org.testng.reporters.JUnitReportReporter -->
<testsuite skipped="0" hostname="DESKTOP-N7F78N2" name="pomDesign.LogInNegativeScenarios" tests="5" failures="0" timestamp="13 Jul 2018 21:31:31 GMT" time="5.452" errors="0">
  <testcase name="blankUserID" time="0.942" classname="pomDesign.LogInNegativeScenarios"/>
  <testcase name="blankPasswordTest" time="1.269" classname="pomDesign.LogInNegativeScenarios"/>
  <testcase name="invalidUserID" time="1.186" classname="pomDesign.LogInNegativeScenarios"/>
  <testcase name="invalidPassword" time="1.020" classname="pomDesign.LogInNegativeScenarios"/>
  <testcase name="wrongCredentialsTest" time="1.035" classname="pomDesign.LogInNegativeScenarios"/>
</testsuite> <!-- pomDesign.LogInNegativeScenarios -->
